16:07:24.125 Config: {
	"UseFrontend": true,
	"UseMatchmaker": false,
	"UseHTTPS": false,
	"UseAuthentication": false,
	"LogToFile": true,
	"HomepageFile": "/public/player.html",
	"AdditionalRoutes": {},
	"EnableWebserver": false,
	"MatchmakerAddress": "",
	"MatchmakerPort": "9999",
	"PublicIp": "localhost",
	"HttpPort": 80,
	"HttpsPort": 443,
	"StreamerPort": 8888
}
16:07:24.145 No peerConnectionConfig
16:07:24.167 Running Cirrus - The Pixel Streaming reference implementation signalling server for Unreal Engine 4.27.
16:07:24.174 WebSocket listening to Streamer connections on :8888
16:07:24.175 WebSocket listening to Players connections on :80
16:07:24.177 Http listening on *: 80
