16:06:42.712 Config: {
	"UseFrontend": false,
	"UseMatchmaker": false,
	"UseHTTPS": false,
	"UseAuthentication": false,
	"LogToFile": true,
	"HomepageFile": "/public/player.html",
	"AdditionalRoutes": {},
	"EnableWebserver": false,
	"MatchmakerAddress": "",
	"MatchmakerPort": "9999",
	"PublicIp": "localhost",
	"HttpPort": 80,
	"HttpsPort": 443,
	"StreamerPort": 8888
}
16:06:42.740 No peerConnectionConfig
16:06:42.743 Running Cirrus - The Pixel Streaming reference implementation signalling server for Unreal Engine 4.27.
16:06:42.753 WebSocket listening to Streamer connections on :8888
16:06:42.754 WebSocket listening to Players connections on :80
16:06:42.755 Http listening on *: 80
