16:14:57.389 Config: {
	"UseFrontend": false,
	"UseMatchmaker": false,
	"UseHTTPS": false,
	"UseAuthentication": false,
	"LogToFile": true,
	"HomepageFile": "/public/player.html",
	"AdditionalRoutes": {},
	"EnableWebserver": true,
	"MatchmakerAddress": "",
	"MatchmakerPort": "9999",
	"PublicIp": "localhost",
	"HttpPort": 80,
	"HttpsPort": 443,
	"StreamerPort": 8888
}
16:14:57.409 No peerConnectionConfig
16:14:57.413 Running Cirrus - The Pixel Streaming reference implementation signalling server for Unreal Engine 4.27.
16:14:57.422 WebSocket listening to Streamer connections on :8888
16:14:57.422 WebSocket listening to Players connections on :80
16:14:57.423 Http listening on *: 80
16:15:04.616 c25ab84a-2e04
