15:34:50.949 Config: {
	"UseFrontend": false,
	"UseMatchmaker": false,
	"UseHTTPS": false,
	"UseAuthentication": false,
	"LogToFile": true,
	"HomepageFile": "/public/player.html",
	"AdditionalRoutes": {},
	"EnableWebserver": false,
	"MatchmakerAddress": "",
	"MatchmakerPort": "9999",
	"PublicIp": "localhost",
	"HttpPort": 80,
	"HttpsPort": 443,
	"StreamerPort": 8888
}
15:34:50.966 No peerConnectionConfig
15:34:50.970 Running Cirrus - The Pixel Streaming reference implementation signalling server for Unreal Engine 4.27.
15:34:50.980 WebSocket listening to Streamer connections on :8888
15:34:50.980 WebSocket listening to Players connections on :80
15:34:50.981 Http listening on *: 80
