16:09:31.453 Config: {
	"UseFrontend": false,
	"UseMatchmaker": false,
	"UseHTTPS": false,
	"UseAuthentication": false,
	"LogToFile": true,
	"HomepageFile": "/public/player.html",
	"AdditionalRoutes": {},
	"EnableWebserver": true,
	"MatchmakerAddress": "",
	"MatchmakerPort": "9999",
	"PublicIp": "localhost",
	"HttpPort": 80,
	"HttpsPort": 443,
	"StreamerPort": 8888
}
16:09:31.471 No peerConnectionConfig
16:09:31.477 Running Cirrus - The Pixel Streaming reference implementation signalling server for Unreal Engine 4.27.
16:09:31.485 WebSocket listening to Streamer connections on :8888
16:09:31.485 WebSocket listening to Players connections on :80
16:09:31.486 Http listening on *: 80
