16:07:46.078 Config: {
	"UseFrontend": false,
	"UseMatchmaker": false,
	"UseHTTPS": false,
	"UseAuthentication": false,
	"LogToFile": true,
	"HomepageFile": "/public/player.html",
	"AdditionalRoutes": {},
	"EnableWebserver": false,
	"MatchmakerAddress": "",
	"MatchmakerPort": "9999",
	"PublicIp": "localhost",
	"HttpPort": 80,
	"HttpsPort": 443,
	"StreamerPort": 8888
}
16:07:46.094 No peerConnectionConfig
16:07:46.098 Running Cirrus - The Pixel Streaming reference implementation signalling server for Unreal Engine 4.27.
16:07:46.106 WebSocket listening to Streamer connections on :8888
16:07:46.106 WebSocket listening to Players connections on :80
16:07:46.107 Http listening on *: 80
