16:10:52.005 Config: {
	"UseFrontend": false,
	"UseMatchmaker": false,
	"UseHTTPS": false,
	"UseAuthentication": false,
	"LogToFile": true,
	"HomepageFile": "/public/player.html",
	"AdditionalRoutes": {},
	"EnableWebserver": true,
	"MatchmakerAddress": "",
	"MatchmakerPort": "9999",
	"PublicIp": "localhost",
	"HttpPort": 80,
	"HttpsPort": 443,
	"StreamerPort": 8888
}
16:10:52.025 No peerConnectionConfig
16:10:52.031 Running Cirrus - The Pixel Streaming reference implementation signalling server for Unreal Engine 4.27.
16:10:52.038 WebSocket listening to Streamer connections on :8888
16:10:52.039 WebSocket listening to Players connections on :80
16:10:52.039 Http listening on *: 80
