16:15:33.638 Config: {
	"UseFrontend": false,
	"UseMatchmaker": false,
	"UseHTTPS": false,
	"UseAuthentication": false,
	"LogToFile": true,
	"HomepageFile": "/public/player.html",
	"AdditionalRoutes": {},
	"EnableWebserver": true,
	"MatchmakerAddress": "",
	"MatchmakerPort": "9999",
	"PublicIp": "localhost",
	"HttpPort": 80,
	"HttpsPort": 443,
	"StreamerPort": 8888
}
16:15:33.657 No peerConnectionConfig
16:15:33.662 Running Cirrus - The Pixel Streaming reference implementation signalling server for Unreal Engine 4.27.
16:15:33.672 WebSocket listening to Streamer connections on :8888
16:15:33.672 WebSocket listening to Players connections on :80
16:15:33.673 Http listening on *: 80
